<?xml version="1.0" encoding="UTF-8"?>
<testsuite name="com.target.myRetail.command.GetPriceDetailsCommandSpec" tests="3" skipped="0" failures="0" errors="0" timestamp="2022-02-27T19:02:14" hostname="MACC02WP14NHTD7" time="0.006">
  <properties/>
  <testcase name="Execute" classname="com.target.myRetail.command.GetPriceDetailsCommandSpec" time="0.004"/>
  <testcase name="PostProcess" classname="com.target.myRetail.command.GetPriceDetailsCommandSpec" time="0.001"/>
  <testcase name="HandleException" classname="com.target.myRetail.command.GetPriceDetailsCommandSpec" time="0.001"/>
  <system-out><![CDATA[13:02:14.311 [Test worker] INFO com.target.myRetail.command.GetPriceDetailsCommand - step=GET_PRICE_DETAILS, status=SUCCESS
13:02:14.312 [Test worker] ERROR com.target.myRetail.command.GetPriceDetailsCommand - step=GET_PRICE_DETAILS, status=FAIL
]]></system-out>
  <system-err><![CDATA[]]></system-err>
</testsuite>
