<?xml version="1.0" encoding="UTF-8"?>
<testsuite name="com.target.myRetail.advice.ProductExceptionAdviceSpec" tests="5" skipped="0" failures="0" errors="0" timestamp="2022-02-27T19:02:12" hostname="MACC02WP14NHTD7" time="0.111">
  <properties/>
  <testcase name="HandleItemNotFoundException" classname="com.target.myRetail.advice.ProductExceptionAdviceSpec" time="0.097"/>
  <testcase name="HandleProductNotFoundException" classname="com.target.myRetail.advice.ProductExceptionAdviceSpec" time="0.004"/>
  <testcase name="HandleInvalidProductIdFoundException" classname="com.target.myRetail.advice.ProductExceptionAdviceSpec" time="0.0"/>
  <testcase name="HandleTooManyRequestException" classname="com.target.myRetail.advice.ProductExceptionAdviceSpec" time="0.005"/>
  <testcase name="BuildError" classname="com.target.myRetail.advice.ProductExceptionAdviceSpec" time="0.002"/>
  <system-out><![CDATA[13:02:13.076 [Test worker] DEBUG com.athaydes.spockframework.report.internal.CssResource - Getting classpath resource text: spock-feature-report.css
13:02:13.085 [Test worker] DEBUG com.athaydes.spockframework.report.internal.CssResource - Found css resource (1966 characters long)
13:02:13.085 [Test worker] DEBUG com.athaydes.spockframework.report.internal.CssResource - Inlining css in HTML report
]]></system-out>
  <system-err><![CDATA[]]></system-err>
</testsuite>
