<?xml version="1.0" encoding="UTF-8"?>
<testsuite name="com.target.myRetail.command.ValidateClientRequestCommandSpec" tests="4" skipped="0" failures="0" errors="0" timestamp="2022-02-27T19:02:14" hostname="MACC02WP14NHTD7" time="0.009">
  <properties/>
  <testcase name="Execute[0]" classname="com.target.myRetail.command.ValidateClientRequestCommandSpec" time="0.003"/>
  <testcase name="Execute[1]" classname="com.target.myRetail.command.ValidateClientRequestCommandSpec" time="0.002"/>
  <testcase name="PostProcess" classname="com.target.myRetail.command.ValidateClientRequestCommandSpec" time="0.0"/>
  <testcase name="HandleException" classname="com.target.myRetail.command.ValidateClientRequestCommandSpec" time="0.001"/>
  <system-out><![CDATA[13:02:14.346 [Test worker] INFO com.target.myRetail.command.ValidateClientRequestCommand - step=VALIDATE_REQUEST, status=SUCCESS
13:02:14.347 [Test worker] ERROR com.target.myRetail.command.ValidateClientRequestCommand - step=VALIDATE_REQUEST, status=FAIL
]]></system-out>
  <system-err><![CDATA[]]></system-err>
</testsuite>
